<?xml version="1.0" encoding="UTF-8"?>
<!-- Generated by org.testng.reporters.JUnitXMLReporter -->
<testsuite ignored="2" hostname="DESKTOP-SBLFK3K" failures="1" tests="1" name="Test" time="13.509" errors="0" timestamp="2024-05-09T18:34:16 IST">
  <testcase classname="com.comcast.crm.basetest.contactTest" name="createContactTest" time="1.764">
    <failure type="java.lang.AssertionError" message="null">
      <![CDATA[java.lang.AssertionError: null
at com.comcast.crm.basetest.contactTest.createContactTest(contactTest.java:31)
at java.base/java.util.ArrayList.forEach(ArrayList.java:1511)
... Removed 29 stack frames]]>
    </failure>
  </testcase> <!-- createContactTest -->
  <testcase classname="com.comcast.crm.basetest.contactTest" name="createContactWithOrgTest" time="0.0">
    <ignored/>
  </testcase> <!-- createContactWithOrgTest -->
  <testcase classname="com.comcast.crm.basetest.contactTest" name="createcontactWithSupportDateTest" time="0.0">
    <ignored/>
  </testcase> <!-- createcontactWithSupportDateTest -->
</testsuite> <!-- Test -->
